https://www.sarvgyan.com/articles/jee-main-2018
https://www.sarvgyan.com/articles/neet-2018
https://www.sarvgyan.com/articles/cat-2017
https://www.sarvgyan.com/articles/gate-2018
https://www.sarvgyan.com/articles/upsee-2018
https://www.sarvgyan.com/articles/ap-eamcet-2018
https://www.sarvgyan.com/articles/ts-eamcet-2018
https://www.sarvgyan.com/articles/xat-2018
https://www.sarvgyan.com
http://www.sarvgyan.com
https://www.sarvgyan.com/category/colleges
https://www.sarvgyan.com/category/courses
https://www.sarvgyan.com/2018
https://www.sarvgyan.com/articles/upcoming-entrance-exams
https://www.sarvgyan.com/engineering
https://www.sarvgyan.com/ads
https://www.sarvgyan.com/category/professional-courses
https://www.sarvgyan.com/courses/science
https://www.sarvgyan.com/landing/snu_ug14
https://www.sarvgyan.com/landing/presidency14
https://www.sarvgyan.com/landing/lpu14
https://www.sarvgyan.com/landing/bml14
https://www.sarvgyan.com/courses/science/bachelor-of-science
https://www.sarvgyan.com/courses/science/master-of-science
https://www.sarvgyan.com/courses/science/hotriculture
https://www.sarvgyan.com/courses/science/floriculture
https://www.sarvgyan.com/courses/science/forestry
https://www.sarvgyan.com/courses-after-12th
https://www.sarvgyan.com/articles/icar-aieea-2018
https://www.sarvgyan.com/articles/bcece-2018
https://www.sarvgyan.com/articles/jcece-2018
https://www.sarvgyan.com/articles/keam-2018
https://www.sarvgyan.com/articles/mp-pat-2018
https://www.sarvgyan.com/tag/agriculture
https://www.sarvgyan.com/tag/agriculture-courses
https://www.sarvgyan.com/tag/courses-after-12th
https://www.sarvgyan.com/tag/courses-after-12th-science
http://www.sarvgyan.com/courses/science/agriculture-courses#respond
https://www.sarvgyan.com/courses/science/agriculture-courses/comment-page-2#comment-453870
http://www.sarvgyan.com/courses/science/agriculture-courses#comment-453870
https://www.sarvgyan.com/courses/science/agriculture-courses/comment-page-2#comment-453792
http://www.sarvgyan.com/courses/science/agriculture-courses#comment-453792
https://www.sarvgyan.com/courses/science/agriculture-courses/comment-page-2#comment-453252
http://www.sarvgyan.com/courses/science/agriculture-courses#comment-453252
https://www.sarvgyan.com/courses/science/agriculture-courses/comment-page-2#comment-454529
https://www.sarvgyan.com/courses/science/agriculture-courses
http://www.sarvgyan.com/courses/science/agriculture-courses#comment-454529
https://www.sarvgyan.com/courses/science/agriculture-courses/comment-page-2#comment-461540
https://www.sarvgyan.com/courses/science/agriculture-courses/comment-page-2#comment-447532
http://www.sarvgyan.com/courses/science/agriculture-courses#comment-447532
https://www.sarvgyan.com/courses/science/agriculture-courses/comment-page-2#comment-447614
http://www.sarvgyan.com/courses/science/agriculture-courses#comment-447614
https://www.sarvgyan.com/courses/science/agriculture-courses/comment-page-2#comment-446717
http://www.sarvgyan.com/courses/science/agriculture-courses#comment-446717
https://www.sarvgyan.com/courses/science/agriculture-courses/comment-page-2#comment-440191
http://www.sarvgyan.com/courses/science/agriculture-courses#comment-440191
https://www.sarvgyan.com/courses/science/agriculture-courses/comment-page-2#comment-423310
http://www.sarvgyan.com/courses/science/agriculture-courses#comment-423310
https://www.sarvgyan.com/courses/science/agriculture-courses/comment-page-1#comments
http://www.sarvgyan.com/courses/science/agriculture-courses/courses/science/agriculture-courses#respond
https://www.sarvgyan.com/articles/engineering-entrance-exams
https://www.sarvgyan.com/articles/medical-entrance-exams
https://www.sarvgyan.com/articles/mba-entrance-exams
https://www.sarvgyan.com/articles/law-entrance-exams
https://www.sarvgyan.com/articles/university-level-entrance-exam
https://www.sarvgyan.com/articles/pharmacy-entrance-exams
https://www.sarvgyan.com/articles/agriculture-entrance-exams
https://www.sarvgyan.com/articles/jee-main-answer-key
https://www.sarvgyan.com/articles/neet-admit-card
https://www.sarvgyan.com/articles/nda-answer-key
https://www.sarvgyan.com/articles/nata-admit-card
https://www.sarvgyan.com/articles/bcece-admit-card
https://www.sarvgyan.com/articles/jeecup-answer-key
https://www.sarvgyan.com/articles/ts-eamcet-hall-ticket
https://www.sarvgyan.com/articles/clat-admit-card
https://www.sarvgyan.com/articles/jcece-2018
https://www.sarvgyan.com/articles/mh-cet-law-2018
https://www.sarvgyan.com/articles/upsee-admit-card
https://www.sarvgyan.com/articles/ap-eamcet-answer-key-2018
https://www.sarvgyan.com/articles/kcet-answer-key
https://www.sarvgyan.com/articles/keam-answer-key-2018
https://www.sarvgyan.com/articles/bhu-admission-2018
https://www.sarvgyan.com/articles/icar-aieea-2018
https://www.sarvgyan.com/articles/mh-cet-admit-card
https://www.sarvgyan.com/articles/ugc-net-2018-application-form
https://www.sarvgyan.com/articles/ap-ecet-2018
https://www.sarvgyan.com/articles/gujcet-result
https://www.sarvgyan.com/articles/tnea-dates
https://www.sarvgyan.com/articles/tnea-eligibility-criteria
https://www.sarvgyan.com/articles/shiv-nadar-university-admission-2018
https://www.sarvgyan.com/articles/tnea-2018-application-form
https://www.sarvgyan.com/articles/aiims-nursing-2018-application-form
https://www.sarvgyan.com/landing/cgc12
https://www.sarvgyan.com/landing/sharda14
https://www.sarvgyan.com/landing/lpu12
https://www.sarvgyan.com/landing/banasthali14
https://www.sarvgyan.com
https://www.sarvgyan.com/engineering/top-engineering-colleges-in-india-2018
https://www.sarvgyan.com/engineering/top-engineering-colleges-in-delhi-2018
https://www.sarvgyan.com/engineering/top-engineering-colleges-in-uttar-pradesh-2018
https://www.sarvgyan.com/engineering/top-engineering-colleges-in-punjab-2018
https://www.sarvgyan.com/engineering/top-engineering-colleges-in-haryana-2018
https://www.sarvgyan.com/engineering/top-engineering-colleges-in-rajasthan-2018
https://www.sarvgyan.com/engineering/top-engineering-colleges-in-bihar-2018
https://www.sarvgyan.com/engineering/top-engineering-colleges-in-west-bengal-2018
https://www.sarvgyan.com/engineering/top-engineering-colleges-in-madhya-pradesh-2018
https://www.sarvgyan.com/engineering/top-engineering-colleges-in-gujarat-2018
https://www.sarvgyan.com/engineering/top-engineering-colleges-in-Maharashtra-2018
https://www.sarvgyan.com/engineering/top-engineering-colleges-in-telangana-2018
https://www.sarvgyan.com/engineering/top-engineering-colleges-in-andhra-pradesh-2018
https://www.sarvgyan.com/engineering/top-engineering-colleges-in-kerala-2018
https://www.sarvgyan.com/engineering/top-engineering-colleges-in-karnataka-2018
https://www.sarvgyan.com/engineering/top-engineering-colleges-in-tamil-nadu-2018
https://www.sarvgyan.com/articles/engineering-colleges-rating
https://www.sarvgyan.com/mba/top-mba-colleges-in-india-2018
https://www.sarvgyan.com/mba/top-mba-colleges-in-delhi-2018
https://www.sarvgyan.com/mba/top-mba-colleges-in-uttar-pradesh-2018
https://www.sarvgyan.com/mba/top-mba-colleges-in-punjab-2018
https://www.sarvgyan.com/mba/top-mba-colleges-in-haryana-2018
https://www.sarvgyan.com/mba/top-mba-colleges-in-rajasthan-2018
https://www.sarvgyan.com/mba/top-mba-colleges-in-bihar-2018
https://www.sarvgyan.com/mba/top-mba-colleges-in-west-bengal-2018
https://www.sarvgyan.com/mba/top-mba-colleges-in-madhya-pradesh-2018
https://www.sarvgyan.com/mba/top-mba-colleges-in-gujarat-2018
https://www.sarvgyan.com/mba/top-mba-colleges-in-Maharashtra-2018
https://www.sarvgyan.com/mba/top-mba-colleges-in-telangana-2018
https://www.sarvgyan.com/mba/top-mba-colleges-in-andhra-pradesh-2018
https://www.sarvgyan.com/mba/top-mba-colleges-in-odisha-2018
https://www.sarvgyan.com/mba/top-mba-colleges-in-karnataka-2018
https://www.sarvgyan.com/mba/top-mba-colleges-in-tamil-nadu-2018
https://www.sarvgyan.com/articles/mba-collges-rating-india-states
https://www.sarvgyan.com/articles/jee-main-2019
https://www.sarvgyan.com/articles/neet-2019
https://www.sarvgyan.com/articles/nda-2019
https://www.sarvgyan.com/articles/gate-2019
https://www.sarvgyan.com/articles/cat-2018
https://www.sarvgyan.com/articles/jeecup-2019
https://www.sarvgyan.com/articles/mat-2019
https://www.sarvgyan.com/articles/clat-2019
https://www.sarvgyan.com/articles/nift-2019
https://www.sarvgyan.com/articles/cmat-2019
https://www.sarvgyan.com/articles/ap-eamcet-2019
https://www.sarvgyan.com/articles/ts-eamcet-2019
https://www.sarvgyan.com/articles/upcoming-entrance-exams
http://www.sarvgyan.com/courses/science/agriculture-courses#top
https://www.sarvgyan.com/privacy
https://www.sarvgyan.com/terms
https://www.sarvgyan.com/about
https://www.sarvgyan.com/contact
https://goo.gl/i3W9k9
